<?xml version="1.0" encoding="UTF-8"?>
<testng-results ignored="0" total="1" passed="1" failed="0" skipped="0">
  <reporter-output>
  </reporter-output>
  <suite started-at="2023-08-01T14:13:48 IST" name="Default suite" finished-at="2023-08-01T14:19:30 IST" duration-ms="342037">
    <groups>
      <group name="cucumber">
        <method signature="AbstractTestNGCucumberTests.runScenario(io.cucumber.testng.PickleWrapper,io.cucumber.testng.FeatureWrapper)[pri:0, instance:in.amazon.teststeps.TestRunner@3c77d488]" name="runScenario" class="io.cucumber.testng.AbstractTestNGCucumberTests"/>
      </group> <!-- cucumber -->
    </groups>
    <test started-at="2023-08-01T14:13:48 IST" name="Default test" finished-at="2023-08-01T14:19:30 IST" duration-ms="342037">
      <class name="in.amazon.teststeps.TestRunner">
        <test-method is-config="true" signature="setUpClass(org.testng.ITestContext)[pri:0, instance:in.amazon.teststeps.TestRunner@3c77d488]" started-at="2023-08-01T14:13:48 IST" name="setUpClass" finished-at="2023-08-01T14:13:52 IST" duration-ms="3487" status="PASS">
          <params>
            <param index="0">
              <value>
                <![CDATA[org.testng.TestRunner@32fa809f]]>
              </value>
            </param>
          </params>
          <reporter-output>
          </reporter-output>
        </test-method> <!-- setUpClass -->
        <test-method signature="runScenario(io.cucumber.testng.PickleWrapper,io.cucumber.testng.FeatureWrapper)[pri:0, instance:in.amazon.teststeps.TestRunner@3c77d488]" started-at="2023-08-01T14:13:52 IST" name="runScenario" description="Runs Cucumber Scenarios" data-provider="scenarios" finished-at="2023-08-01T14:19:30 IST" duration-ms="338478" status="PASS">
          <params>
            <param index="0">
              <value>
                <![CDATA["A user must be able to buy a book on Amazon"]]>
              </value>
            </param>
            <param index="1">
              <value>
                <![CDATA["Optional[Buy Book]"]]>
              </value>
            </param>
          </params>
          <reporter-output>
          </reporter-output>
        </test-method> <!-- runScenario -->
        <test-method is-config="true" signature="tearDownClass()[pri:0, instance:in.amazon.teststeps.TestRunner@3c77d488]" started-at="2023-08-01T14:19:30 IST" name="tearDownClass" finished-at="2023-08-01T14:19:30 IST" duration-ms="9" status="PASS">
          <reporter-output>
          </reporter-output>
        </test-method> <!-- tearDownClass -->
      </class> <!-- in.amazon.teststeps.TestRunner -->
    </test> <!-- Default test -->
  </suite> <!-- Default suite -->
</testng-results>
