<?xml version="1.0" encoding="UTF-8"?>
<testng-results ignored="0" total="1" passed="1" failed="0" skipped="0">
  <reporter-output>
  </reporter-output>
  <suite started-at="2023-07-25T14:29:47 IST" name="Default suite" finished-at="2023-07-25T14:30:01 IST" duration-ms="13909">
    <groups>
    </groups>
    <test started-at="2023-07-25T14:29:47 IST" name="Default test" finished-at="2023-07-25T14:30:01 IST" duration-ms="13909">
      <class name="com.saucedemo.testscripts.BuyProductTest">
        <test-method is-config="true" signature="launchApplication()[pri:0, instance:com.saucedemo.testscripts.BuyProductTest@7674f035]" started-at="2023-07-25T14:29:47 IST" name="launchApplication" finished-at="2023-07-25T14:29:59 IST" duration-ms="11677" status="PASS">
          <reporter-output>
          </reporter-output>
        </test-method> <!-- launchApplication -->
        <test-method signature="buyProduct()[pri:0, instance:com.saucedemo.testscripts.BuyProductTest@7674f035]" started-at="2023-07-25T14:29:59 IST" name="buyProduct" finished-at="2023-07-25T14:30:01 IST" duration-ms="1854" status="PASS">
          <reporter-output>
          </reporter-output>
        </test-method> <!-- buyProduct -->
        <test-method is-config="true" signature="closeBrowser()[pri:0, instance:com.saucedemo.testscripts.BuyProductTest@7674f035]" started-at="2023-07-25T14:30:01 IST" name="closeBrowser" finished-at="2023-07-25T14:30:01 IST" duration-ms="315" status="PASS">
          <reporter-output>
          </reporter-output>
        </test-method> <!-- closeBrowser -->
      </class> <!-- com.saucedemo.testscripts.BuyProductTest -->
    </test> <!-- Default test -->
  </suite> <!-- Default suite -->
</testng-results>
