<?xml version="1.0" encoding="UTF-8"?>
<testng-results ignored="0" total="1" passed="1" failed="0" skipped="0">
  <reporter-output>
  </reporter-output>
  <suite started-at="2023-08-22T16:12:23 IST" name="Default suite" finished-at="2023-08-22T16:12:26 IST" duration-ms="3686">
    <groups>
    </groups>
    <test started-at="2023-08-22T16:12:23 IST" name="Default test" finished-at="2023-08-22T16:12:26 IST" duration-ms="3686">
      <class name="in.Reqres.ReqresEndProject.POSTRequest">
        <test-method is-config="true" signature="setUp()[pri:0, instance:in.Reqres.ReqresEndProject.POSTRequest@5a59ca5e]" started-at="2023-08-22T16:12:23 IST" name="setUp" finished-at="2023-08-22T16:12:23 IST" duration-ms="142" status="PASS">
          <reporter-output>
          </reporter-output>
        </test-method> <!-- setUp -->
        <test-method is-config="true" signature="createPayLoad()[pri:0, instance:in.Reqres.ReqresEndProject.POSTRequest@5a59ca5e]" started-at="2023-08-22T16:12:23 IST" name="createPayLoad" finished-at="2023-08-22T16:12:23 IST" duration-ms="401" status="PASS">
          <reporter-output>
          </reporter-output>
        </test-method> <!-- createPayLoad -->
        <test-method signature="createResource()[pri:0, instance:in.Reqres.ReqresEndProject.POSTRequest@5a59ca5e]" started-at="2023-08-22T16:12:23 IST" name="createResource" finished-at="2023-08-22T16:12:26 IST" duration-ms="3061" status="PASS">
          <reporter-output>
          </reporter-output>
        </test-method> <!-- createResource -->
      </class> <!-- in.Reqres.ReqresEndProject.POSTRequest -->
    </test> <!-- Default test -->
  </suite> <!-- Default suite -->
</testng-results>
