<?xml version="1.0" encoding="UTF-8"?>
<testng-results ignored="0" total="1" passed="1" failed="0" skipped="0">
  <reporter-output>
  </reporter-output>
  <suite started-at="2023-08-22T14:19:15 IST" name="Default suite" finished-at="2023-08-22T14:19:18 IST" duration-ms="2907">
    <groups>
    </groups>
    <test started-at="2023-08-22T14:19:15 IST" name="Default test" finished-at="2023-08-22T14:19:18 IST" duration-ms="2907">
      <class name="in.Reqres.Reqes.DELETERequest">
        <test-method signature="deleteResourse()[pri:0, instance:in.Reqres.Reqes.DELETERequest@548a24a]" started-at="2023-08-22T14:19:15 IST" name="deleteResourse" finished-at="2023-08-22T14:19:18 IST" duration-ms="2840" status="PASS">
          <reporter-output>
          </reporter-output>
        </test-method> <!-- deleteResourse -->
      </class> <!-- in.Reqres.Reqes.DELETERequest -->
    </test> <!-- Default test -->
  </suite> <!-- Default suite -->
</testng-results>
