<?xml version="1.0" encoding="UTF-8"?>
<testng-results ignored="0" total="1" passed="1" failed="0" skipped="0">
  <reporter-output>
  </reporter-output>
  <suite started-at="2023-08-26T07:59:26 IST" name="Default suite" finished-at="2023-08-26T07:59:37 IST" duration-ms="11102">
    <groups>
    </groups>
    <test started-at="2023-08-26T07:59:26 IST" name="Default test" finished-at="2023-08-26T07:59:37 IST" duration-ms="11102">
      <class name="in.SportyShoes.testscripts.UserRegistrationTest">
        <test-method is-config="true" signature="launchApplication()[pri:0, instance:in.SportyShoes.testscripts.UserRegistrationTest@2eae8e6e]" started-at="2023-08-26T07:59:26 IST" name="launchApplication" finished-at="2023-08-26T07:59:34 IST" duration-ms="8561" status="PASS">
          <reporter-output>
          </reporter-output>
        </test-method> <!-- launchApplication -->
        <test-method signature="registerNewUser()[pri:0, instance:in.SportyShoes.testscripts.UserRegistrationTest@2eae8e6e]" started-at="2023-08-26T07:59:34 IST" name="registerNewUser" finished-at="2023-08-26T07:59:36 IST" duration-ms="1802" status="PASS">
          <reporter-output>
          </reporter-output>
        </test-method> <!-- registerNewUser -->
        <test-method is-config="true" signature="closeBrowser()[pri:0, instance:in.SportyShoes.testscripts.UserRegistrationTest@2eae8e6e]" started-at="2023-08-26T07:59:36 IST" name="closeBrowser" finished-at="2023-08-26T07:59:37 IST" duration-ms="658" status="PASS">
          <reporter-output>
          </reporter-output>
        </test-method> <!-- closeBrowser -->
      </class> <!-- in.SportyShoes.testscripts.UserRegistrationTest -->
    </test> <!-- Default test -->
  </suite> <!-- Default suite -->
</testng-results>
