<?xml version="1.0" encoding="UTF-8"?>
<testng-results ignored="0" total="1" passed="1" failed="0" skipped="0">
  <reporter-output>
  </reporter-output>
  <suite started-at="2023-07-22T13:41:37 IST" name="Default suite" finished-at="2023-07-22T13:42:30 IST" duration-ms="53213">
    <groups>
    </groups>
    <test started-at="2023-07-22T13:41:37 IST" name="Default test" finished-at="2023-07-22T13:42:30 IST" duration-ms="53213">
      <class name="com.Simplilearn.testscripts.CourseAvailabilityTest">
        <test-method is-config="true" signature="launchApplication()[pri:0, instance:com.Simplilearn.testscripts.CourseAvailabilityTest@7674f035]" started-at="2023-07-22T13:41:37 IST" name="launchApplication" finished-at="2023-07-22T13:42:15 IST" duration-ms="38639" status="PASS">
          <reporter-output>
          </reporter-output>
        </test-method> <!-- launchApplication -->
        <test-method signature="courseAvailability()[pri:0, instance:com.Simplilearn.testscripts.CourseAvailabilityTest@7674f035]" started-at="2023-07-22T13:42:15 IST" name="courseAvailability" finished-at="2023-07-22T13:42:30 IST" duration-ms="14472" status="PASS">
          <reporter-output>
          </reporter-output>
        </test-method> <!-- courseAvailability -->
        <test-method is-config="true" signature="closeBrowser()[pri:0, instance:com.Simplilearn.testscripts.CourseAvailabilityTest@7674f035]" started-at="2023-07-22T13:42:30 IST" name="closeBrowser" finished-at="2023-07-22T13:42:30 IST" duration-ms="2" status="PASS">
          <reporter-output>
          </reporter-output>
        </test-method> <!-- closeBrowser -->
      </class> <!-- com.Simplilearn.testscripts.CourseAvailabilityTest -->
    </test> <!-- Default test -->
  </suite> <!-- Default suite -->
</testng-results>
