<?xml version="1.0" encoding="UTF-8"?>
<testng-results ignored="0" total="1" passed="1" failed="0" skipped="0">
  <reporter-output>
  </reporter-output>
  <suite started-at="2023-08-26T06:21:38 IST" name="Default suite" finished-at="2023-08-26T06:21:40 IST" duration-ms="2139">
    <groups>
    </groups>
    <test started-at="2023-08-26T06:21:38 IST" name="Default test" finished-at="2023-08-26T06:21:40 IST" duration-ms="2139">
      <class name="in.SportyShoes.SportyShoesRESTAssured.POSTProduct">
        <test-method is-config="true" signature="setUp()[pri:0, instance:in.SportyShoes.SportyShoesRESTAssured.POSTProduct@5a59ca5e]" started-at="2023-08-26T06:21:38 IST" name="setUp" finished-at="2023-08-26T06:21:38 IST" duration-ms="136" status="PASS">
          <reporter-output>
          </reporter-output>
        </test-method> <!-- setUp -->
        <test-method is-config="true" signature="createPayLoad()[pri:0, instance:in.SportyShoes.SportyShoesRESTAssured.POSTProduct@5a59ca5e]" started-at="2023-08-26T06:21:38 IST" name="createPayLoad" finished-at="2023-08-26T06:21:39 IST" duration-ms="422" status="PASS">
          <reporter-output>
          </reporter-output>
        </test-method> <!-- createPayLoad -->
        <test-method signature="createResource()[pri:0, instance:in.SportyShoes.SportyShoesRESTAssured.POSTProduct@5a59ca5e]" started-at="2023-08-26T06:21:39 IST" name="createResource" finished-at="2023-08-26T06:21:40 IST" duration-ms="1522" status="PASS">
          <reporter-output>
          </reporter-output>
        </test-method> <!-- createResource -->
      </class> <!-- in.SportyShoes.SportyShoesRESTAssured.POSTProduct -->
    </test> <!-- Default test -->
  </suite> <!-- Default suite -->
</testng-results>
